<?xml version="1.0" encoding="UTF-8"?>
<!-- Generated by org.testng.reporters.JUnitReportReporter -->
<testsuite hostname="LAPTOP-GA4HMSSR" failures="0" tests="1" name="com.qa.fb.tests.SignUpPageTest" time="6.662" errors="0" timestamp="2022-08-23T17:16:02 IST" skipped="0">
  <testcase classname="com.qa.fb.tests.SignUpPageTest" name="signUpTest" time="6.662"/>
  <system-out/>
</testsuite> <!-- com.qa.fb.tests.SignUpPageTest -->
