<?xml version="1.0" encoding="UTF-8"?>
<!-- Generated by org.testng.reporters.JUnitReportReporter -->
<testsuite hostname="LAPTOP-GA4HMSSR" failures="0" tests="1" name="com.qa.fb.tests.LoginTest" time="5.506" errors="0" timestamp="2022-08-16T10:14:59 IST" skipped="0">
  <testcase classname="com.qa.fb.tests.LoginTest" name="loginTest" time="5.506"/>
  <system-out/>
</testsuite> <!-- com.qa.fb.tests.LoginTest -->
