<?xml version="1.0" encoding="UTF-8"?>
<!-- Generated by org.testng.reporters.JUnitReportReporter -->
<testsuite hostname="LAPTOP-GA4HMSSR" failures="0" tests="1" name="com.qa.fb.tests.LoginTest" time="4.502" errors="0" timestamp="2022-08-23T12:41:18 IST" skipped="0">
  <testcase classname="com.qa.fb.tests.LoginTest" name="loginTest" time="4.502"/>
  <system-out/>
</testsuite> <!-- com.qa.fb.tests.LoginTest -->
